C:\USERS\ADMINISTRATEUR\DESKTOP\GRAPH\GRAPH\DEBUG\ARC.OBJ
C:\USERS\ADMINISTRATEUR\DESKTOP\GRAPH\GRAPH\DEBUG\EXCEPTION.OBJ
C:\USERS\ADMINISTRATEUR\DESKTOP\GRAPH\GRAPH\DEBUG\GRAPH.OBJ
C:\USERS\ADMINISTRATEUR\DESKTOP\GRAPH\GRAPH\DEBUG\OPERATIONFORGRAPH.OBJ
C:\USERS\ADMINISTRATEUR\DESKTOP\GRAPH\GRAPH\DEBUG\PARSE.OBJ
C:\USERS\ADMINISTRATEUR\DESKTOP\GRAPH\GRAPH\DEBUG\SOMMET.OBJ
C:\USERS\ADMINISTRATEUR\DESKTOP\GRAPH\GRAPH\DEBUG\SOURCE.OBJ
C:\USERS\ADMINISTRATEUR\DESKTOP\GRAPH\GRAPH\DEBUG\VC110.PDB
C:\USERS\ADMINISTRATEUR\DESKTOP\GRAPH\GRAPH\DEBUG\GRAPH.ILK
C:\USERS\ADMINISTRATEUR\DESKTOP\GRAPH\GRAPH\DEBUG\GRAPH.EXE
C:\USERS\ADMINISTRATEUR\DESKTOP\GRAPH\GRAPH\DEBUG\GRAPH.PDB
C:\Users\Administrateur\Desktop\Graph\Graph\Debug\Arc.obj
C:\Users\Administrateur\Desktop\Graph\Graph\Debug\Exception.obj
C:\Users\Administrateur\Desktop\Graph\Graph\Debug\Graph.obj
C:\Users\Administrateur\Desktop\Graph\Graph\Debug\OperationForGraph.obj
C:\Users\Administrateur\Desktop\Graph\Graph\Debug\Parse.obj
C:\Users\Administrateur\Desktop\Graph\Graph\Debug\Sommet.obj
C:\Users\Administrateur\Desktop\Graph\Graph\Debug\Source.obj
C:\Users\Administrateur\Desktop\Graph\Graph\Debug\Graph.ilk
C:\Users\Administrateur\Desktop\Graph\Graph\Debug\cl.command.1.tlog
C:\Users\Administrateur\Desktop\Graph\Graph\Debug\CL.read.1.tlog
C:\Users\Administrateur\Desktop\Graph\Graph\Debug\CL.write.1.tlog
C:\Users\Administrateur\Desktop\Graph\Graph\Debug\link-cvtres.read.1.tlog
C:\Users\Administrateur\Desktop\Graph\Graph\Debug\link-cvtres.write.1.tlog
C:\Users\Administrateur\Desktop\Graph\Graph\Debug\link-rc.read.1.tlog
C:\Users\Administrateur\Desktop\Graph\Graph\Debug\link-rc.write.1.tlog
C:\Users\Administrateur\Desktop\Graph\Graph\Debug\link.command.1.tlog
C:\Users\Administrateur\Desktop\Graph\Graph\Debug\link.read.1.tlog
C:\Users\Administrateur\Desktop\Graph\Graph\Debug\link.write.1.tlog
C:\Users\Administrateur\Desktop\Graph\Graph\Debug\vc110.idb
C:\Users\Administrateur\Desktop\Graph\Graph\Debug\Graph.pdb
C:\Users\Administrateur\Desktop\Graph\Graph\Debug\vc110.pdb
C:\Users\Administrateur\Desktop\Graph\Graph\Debug\Graph.exe
